build/outputs/logs/manifest-merger-debug-report.txt
-- Merging decision tree log ---
manifest
ADDED from Microsoft Band SDK and Samples for Android/BandAccelerometerApp/AndroidManifest.xml:2:1-44:12
	package
		ADDED from Microsoft Band SDK and Samples for Android/BandAccelerometerApp/AndroidManifest.xml:3:5-61
	android:versionName
		ADDED from Microsoft Band SDK and Samples for Android/BandAccelerometerApp/AndroidManifest.xml:5:5-30
		INJECTED from Microsoft Band SDK and Samples for Android/BandAccelerometerApp/AndroidManifest.xml
		INJECTED from Microsoft Band SDK and Samples for Android/BandAccelerometerApp/AndroidManifest.xml
	android:versionCode
		ADDED from Microsoft Band SDK and Samples for Android/BandAccelerometerApp/AndroidManifest.xml:4:5-28
		INJECTED from Microsoft Band SDK and Samples for Android/BandAccelerometerApp/AndroidManifest.xml
		INJECTED from Microsoft Band SDK and Samples for Android/BandAccelerometerApp/AndroidManifest.xml
	xmlns:android
		ADDED from Microsoft Band SDK and Samples for Android/BandAccelerometerApp/AndroidManifest.xml:2:11-69
uses-sdk
ADDED from Microsoft Band SDK and Samples for Android/BandAccelerometerApp/AndroidManifest.xml:7:5-9:41
MERGED from [com.android.support:multidex:1.0.0] AndroidManifest.xml:18:5-42
MERGED from [com.google.firebase:firebase-database:10.0.1] AndroidManifest.xml:3:5-42
MERGED from [com.google.firebase:firebase-database-connection:10.0.1] AndroidManifest.xml:3:5-42
MERGED from [com.google.firebase:firebase-core:10.0.1] AndroidManifest.xml:4:5-42
MERGED from [com.google.firebase:firebase-analytics:10.0.1] AndroidManifest.xml:17:5-42
MERGED from [com.google.firebase:firebase-analytics-impl:10.0.1] AndroidManifest.xml:17:5-42
MERGED from [com.google.firebase:firebase-iid:10.0.1] AndroidManifest.xml:17:5-42
MERGED from [com.google.firebase:firebase-common:10.0.1] AndroidManifest.xml:3:5-42
MERGED from [com.google.android.gms:play-services-tasks:10.0.1] AndroidManifest.xml:3:5-42
MERGED from [com.google.android.gms:play-services-basement:10.0.1] AndroidManifest.xml:17:5-42
MERGED from [com.android.support:support-v4:24.0.0] AndroidManifest.xml:21:5-23:54
	tools:overrideLibrary
		ADDED from [com.android.support:support-v4:24.0.0] AndroidManifest.xml:23:9-51
	android:targetSdkVersion
		ADDED from Microsoft Band SDK and Samples for Android/BandAccelerometerApp/AndroidManifest.xml:9:9-38
	android:minSdkVersion
		ADDED from Microsoft Band SDK and Samples for Android/BandAccelerometerApp/AndroidManifest.xml:8:9-35
uses-permission#android.permission.BLUETOOTH
ADDED from Microsoft Band SDK and Samples for Android/BandAccelerometerApp/AndroidManifest.xml:11:5-68
	android:name
		ADDED from Microsoft Band SDK and Samples for Android/BandAccelerometerApp/AndroidManifest.xml:11:22-65
uses-permission#com.microsoft.band.service.access.BIND_BAND_SERVICE
ADDED from Microsoft Band SDK and Samples for Android/BandAccelerometerApp/AndroidManifest.xml:12:5-91
	android:name
		ADDED from Microsoft Band SDK and Samples for Android/BandAccelerometerApp/AndroidManifest.xml:12:22-88
uses-permission#android.permission.WRITE_EXTERNAL_STORAGE
ADDED from Microsoft Band SDK and Samples for Android/BandAccelerometerApp/AndroidManifest.xml:14:5-97
	android:name
		ADDED from Microsoft Band SDK and Samples for Android/BandAccelerometerApp/AndroidManifest.xml:14:22-78
uses-permission#android.permission.ACCESS_COARSE_LOCATION
ADDED from Microsoft Band SDK and Samples for Android/BandAccelerometerApp/AndroidManifest.xml:17:5-81
	android:name
		ADDED from Microsoft Band SDK and Samples for Android/BandAccelerometerApp/AndroidManifest.xml:17:22-78
uses-permission#android.permission.ACCESS_FINE_LOCATION
ADDED from Microsoft Band SDK and Samples for Android/BandAccelerometerApp/AndroidManifest.xml:18:5-79
	android:name
		ADDED from Microsoft Band SDK and Samples for Android/BandAccelerometerApp/AndroidManifest.xml:18:22-76
uses-permission#android.permission.INTERNET
ADDED from Microsoft Band SDK and Samples for Android/BandAccelerometerApp/AndroidManifest.xml:19:5-66
MERGED from [com.google.firebase:firebase-analytics:10.0.1] AndroidManifest.xml:20:5-66
MERGED from [com.google.firebase:firebase-analytics-impl:10.0.1] AndroidManifest.xml:20:5-66
MERGED from [com.google.firebase:firebase-iid:10.0.1] AndroidManifest.xml:20:5-66
	android:name
		ADDED from Microsoft Band SDK and Samples for Android/BandAccelerometerApp/AndroidManifest.xml:19:22-64
application
ADDED from Microsoft Band SDK and Samples for Android/BandAccelerometerApp/AndroidManifest.xml:21:5-42:19
MERGED from [com.google.firebase:firebase-core:10.0.1] AndroidManifest.xml:5:5-20
MERGED from [com.google.firebase:firebase-analytics:10.0.1] AndroidManifest.xml:24:5-33:19
MERGED from [com.google.firebase:firebase-analytics-impl:10.0.1] AndroidManifest.xml:24:5-28:19
MERGED from [com.google.firebase:firebase-iid:10.0.1] AndroidManifest.xml:28:5-50:19
MERGED from [com.google.firebase:firebase-common:10.0.1] AndroidManifest.xml:4:5-7:19
MERGED from [com.google.android.gms:play-services-tasks:10.0.1] AndroidManifest.xml:4:5-19
MERGED from [com.google.android.gms:play-services-basement:10.0.1] AndroidManifest.xml:19:5-21:19
MERGED from [com.android.support:support-v4:24.0.0] AndroidManifest.xml:25:5-20
	android:label
		ADDED from Microsoft Band SDK and Samples for Android/BandAccelerometerApp/AndroidManifest.xml:27:9-41
	android:allowBackup
		ADDED from Microsoft Band SDK and Samples for Android/BandAccelerometerApp/AndroidManifest.xml:22:9-35
	android:icon
		ADDED from Microsoft Band SDK and Samples for Android/BandAccelerometerApp/AndroidManifest.xml:26:9-45
	android:theme
		ADDED from Microsoft Band SDK and Samples for Android/BandAccelerometerApp/AndroidManifest.xml:28:9-40
	android:name
		ADDED from Microsoft Band SDK and Samples for Android/BandAccelerometerApp/AndroidManifest.xml:24:9-68
activity#com.microsoft.band.sdk.sampleapp.accelerometer.BandAccelerometerAppActivity
ADDED from Microsoft Band SDK and Samples for Android/BandAccelerometerApp/AndroidManifest.xml:29:9-153
	android:label
		ADDED from Microsoft Band SDK and Samples for Android/BandAccelerometerApp/AndroidManifest.xml:29:19-60
	android:name
		ADDED from Microsoft Band SDK and Samples for Android/BandAccelerometerApp/AndroidManifest.xml:29:61-151
activity#com.microsoft.band.sdk.sampleapp.accelerometer.RegisterActvity
ADDED from Microsoft Band SDK and Samples for Android/BandAccelerometerApp/AndroidManifest.xml:30:9-39:20
	android:screenOrientation
		ADDED from Microsoft Band SDK and Samples for Android/BandAccelerometerApp/AndroidManifest.xml:32:13-49
	android:label
		ADDED from Microsoft Band SDK and Samples for Android/BandAccelerometerApp/AndroidManifest.xml:33:13-45
	android:name
		ADDED from Microsoft Band SDK and Samples for Android/BandAccelerometerApp/AndroidManifest.xml:31:13-90
intent-filter#android.intent.action.MAIN+android.intent.category.LAUNCHER
ADDED from Microsoft Band SDK and Samples for Android/BandAccelerometerApp/AndroidManifest.xml:34:13-38:29
action#android.intent.action.MAIN
ADDED from Microsoft Band SDK and Samples for Android/BandAccelerometerApp/AndroidManifest.xml:35:17-69
	android:name
		ADDED from Microsoft Band SDK and Samples for Android/BandAccelerometerApp/AndroidManifest.xml:35:25-66
category#android.intent.category.LAUNCHER
ADDED from Microsoft Band SDK and Samples for Android/BandAccelerometerApp/AndroidManifest.xml:37:17-77
	android:name
		ADDED from Microsoft Band SDK and Samples for Android/BandAccelerometerApp/AndroidManifest.xml:37:27-74
activity#com.microsoft.band.sdk.sampleapp.accelerometer.ProfileActivity
ADDED from Microsoft Band SDK and Samples for Android/BandAccelerometerApp/AndroidManifest.xml:40:9-140
	android:label
		ADDED from Microsoft Band SDK and Samples for Android/BandAccelerometerApp/AndroidManifest.xml:40:19-60
	android:name
		ADDED from Microsoft Band SDK and Samples for Android/BandAccelerometerApp/AndroidManifest.xml:40:61-138
activity#com.microsoft.band.sdk.sampleapp.accelerometer.ContactInfoActivity
ADDED from Microsoft Band SDK and Samples for Android/BandAccelerometerApp/AndroidManifest.xml:41:9-144
	android:label
		ADDED from Microsoft Band SDK and Samples for Android/BandAccelerometerApp/AndroidManifest.xml:41:19-60
	android:name
		ADDED from Microsoft Band SDK and Samples for Android/BandAccelerometerApp/AndroidManifest.xml:41:61-142
uses-permission#android.permission.ACCESS_NETWORK_STATE
ADDED from [com.google.firebase:firebase-analytics:10.0.1] AndroidManifest.xml:21:5-78
MERGED from [com.google.firebase:firebase-analytics-impl:10.0.1] AndroidManifest.xml:21:5-78
MERGED from [com.google.firebase:firebase-iid:10.0.1] AndroidManifest.xml:19:5-78
	android:name
		ADDED from [com.google.firebase:firebase-analytics:10.0.1] AndroidManifest.xml:21:22-76
uses-permission#android.permission.WAKE_LOCK
ADDED from [com.google.firebase:firebase-analytics:10.0.1] AndroidManifest.xml:22:5-67
MERGED from [com.google.firebase:firebase-analytics-impl:10.0.1] AndroidManifest.xml:22:5-67
MERGED from [com.google.firebase:firebase-iid:10.0.1] AndroidManifest.xml:21:5-67
	android:name
		ADDED from [com.google.firebase:firebase-analytics:10.0.1] AndroidManifest.xml:22:22-65
receiver#com.google.android.gms.measurement.AppMeasurementReceiver
ADDED from [com.google.firebase:firebase-analytics:10.0.1] AndroidManifest.xml:25:7-26:18
MERGED from [com.google.firebase:firebase-analytics-impl:10.0.1] AndroidManifest.xml:25:7-26:18
	android:enabled
		ADDED from [com.google.firebase:firebase-analytics:10.0.1] AndroidManifest.xml:25:90-112
	android:exported
		ADDED from [com.google.firebase:firebase-analytics:10.0.1] AndroidManifest.xml:25:113-137
	android:name
		ADDED from [com.google.firebase:firebase-analytics:10.0.1] AndroidManifest.xml:25:17-89
receiver#com.google.android.gms.measurement.AppMeasurementInstallReferrerReceiver
ADDED from [com.google.firebase:firebase-analytics:10.0.1] AndroidManifest.xml:27:7-31:18
	android:enabled
		ADDED from [com.google.firebase:firebase-analytics:10.0.1] AndroidManifest.xml:27:162-184
	android:permission
		ADDED from [com.google.firebase:firebase-analytics:10.0.1] AndroidManifest.xml:27:105-161
	android:name
		ADDED from [com.google.firebase:firebase-analytics:10.0.1] AndroidManifest.xml:27:17-104
intent-filter#com.android.vending.INSTALL_REFERRER
ADDED from [com.google.firebase:firebase-analytics:10.0.1] AndroidManifest.xml:28:11-30:27
action#com.android.vending.INSTALL_REFERRER
ADDED from [com.google.firebase:firebase-analytics:10.0.1] AndroidManifest.xml:29:15-76
	android:name
		ADDED from [com.google.firebase:firebase-analytics:10.0.1] AndroidManifest.xml:29:23-74
service#com.google.android.gms.measurement.AppMeasurementService
ADDED from [com.google.firebase:firebase-analytics:10.0.1] AndroidManifest.xml:32:7-137
MERGED from [com.google.firebase:firebase-analytics-impl:10.0.1] AndroidManifest.xml:27:7-137
	android:enabled
		ADDED from [com.google.firebase:firebase-analytics:10.0.1] AndroidManifest.xml:32:88-110
	android:exported
		ADDED from [com.google.firebase:firebase-analytics:10.0.1] AndroidManifest.xml:32:111-135
	android:name
		ADDED from [com.google.firebase:firebase-analytics:10.0.1] AndroidManifest.xml:32:16-87
uses-permission#com.google.android.c2dm.permission.RECEIVE
ADDED from [com.google.firebase:firebase-iid:10.0.1] AndroidManifest.xml:22:5-81
	android:name
		ADDED from [com.google.firebase:firebase-iid:10.0.1] AndroidManifest.xml:22:22-79
permission#${applicationId}.permission.C2D_MESSAGE
ADDED from [com.google.firebase:firebase-iid:10.0.1] AndroidManifest.xml:24:5-109
	android:protectionLevel
		ADDED from [com.google.firebase:firebase-iid:10.0.1] AndroidManifest.xml:24:72-107
	android:name
		ADDED from [com.google.firebase:firebase-iid:10.0.1] AndroidManifest.xml:24:17-71
		INJECTED from Microsoft Band SDK and Samples for Android/BandAccelerometerApp/AndroidManifest.xml
uses-permission#${applicationId}.permission.C2D_MESSAGE
ADDED from [com.google.firebase:firebase-iid:10.0.1] AndroidManifest.xml:26:5-78
	android:name
		ADDED from [com.google.firebase:firebase-iid:10.0.1] AndroidManifest.xml:26:22-76
		INJECTED from Microsoft Band SDK and Samples for Android/BandAccelerometerApp/AndroidManifest.xml
receiver#com.google.firebase.iid.FirebaseInstanceIdReceiver
ADDED from [com.google.firebase:firebase-iid:10.0.1] AndroidManifest.xml:30:9-36:20
	android:exported
		ADDED from [com.google.firebase:firebase-iid:10.0.1] AndroidManifest.xml:30:85-108
	android:permission
		ADDED from [com.google.firebase:firebase-iid:10.0.1] AndroidManifest.xml:30:109-169
	android:name
		ADDED from [com.google.firebase:firebase-iid:10.0.1] AndroidManifest.xml:30:19-84
intent-filter#${applicationId}+com.google.android.c2dm.intent.RECEIVE+com.google.android.c2dm.intent.REGISTRATION
ADDED from [com.google.firebase:firebase-iid:10.0.1] AndroidManifest.xml:31:13-35:29
action#com.google.android.c2dm.intent.RECEIVE
ADDED from [com.google.firebase:firebase-iid:10.0.1] AndroidManifest.xml:32:17-80
	android:name
		ADDED from [com.google.firebase:firebase-iid:10.0.1] AndroidManifest.xml:32:25-78
action#com.google.android.c2dm.intent.REGISTRATION
ADDED from [com.google.firebase:firebase-iid:10.0.1] AndroidManifest.xml:33:17-85
	android:name
		ADDED from [com.google.firebase:firebase-iid:10.0.1] AndroidManifest.xml:33:25-83
category#${applicationId}
ADDED from [com.google.firebase:firebase-iid:10.0.1] AndroidManifest.xml:34:17-60
	android:name
		ADDED from [com.google.firebase:firebase-iid:10.0.1] AndroidManifest.xml:34:27-58
		INJECTED from Microsoft Band SDK and Samples for Android/BandAccelerometerApp/AndroidManifest.xml
receiver#com.google.firebase.iid.FirebaseInstanceIdInternalReceiver
ADDED from [com.google.firebase:firebase-iid:10.0.1] AndroidManifest.xml:40:9-119
	android:exported
		ADDED from [com.google.firebase:firebase-iid:10.0.1] AndroidManifest.xml:40:93-117
	android:name
		ADDED from [com.google.firebase:firebase-iid:10.0.1] AndroidManifest.xml:40:19-92
service#com.google.firebase.iid.FirebaseInstanceIdService
ADDED from [com.google.firebase:firebase-iid:10.0.1] AndroidManifest.xml:44:9-48:19
	android:exported
		ADDED from [com.google.firebase:firebase-iid:10.0.1] AndroidManifest.xml:44:83-106
	android:name
		ADDED from [com.google.firebase:firebase-iid:10.0.1] AndroidManifest.xml:44:18-82
intent-filter#com.google.firebase.INSTANCE_ID_EVENT
ADDED from [com.google.firebase:firebase-iid:10.0.1] AndroidManifest.xml:45:13-47:29
	android:priority
		ADDED from [com.google.firebase:firebase-iid:10.0.1] AndroidManifest.xml:45:28-51
action#com.google.firebase.INSTANCE_ID_EVENT
ADDED from [com.google.firebase:firebase-iid:10.0.1] AndroidManifest.xml:46:17-79
	android:name
		ADDED from [com.google.firebase:firebase-iid:10.0.1] AndroidManifest.xml:46:25-77
provider#com.google.firebase.provider.FirebaseInitProvider
ADDED from [com.google.firebase:firebase-common:10.0.1] AndroidManifest.xml:6:9-194
	android:authorities
		ADDED from [com.google.firebase:firebase-common:10.0.1] AndroidManifest.xml:6:19-78
		INJECTED from Microsoft Band SDK and Samples for Android/BandAccelerometerApp/AndroidManifest.xml
	android:exported
		ADDED from [com.google.firebase:firebase-common:10.0.1] AndroidManifest.xml:6:144-168
	android:initOrder
		ADDED from [com.google.firebase:firebase-common:10.0.1] AndroidManifest.xml:6:169-192
	android:name
		ADDED from [com.google.firebase:firebase-common:10.0.1] AndroidManifest.xml:6:79-143
meta-data#com.google.android.gms.version
ADDED from [com.google.android.gms:play-services-basement:10.0.1] AndroidManifest.xml:20:9-121
	android:value
		ADDED from [com.google.android.gms:play-services-basement:10.0.1] AndroidManifest.xml:20:66-119
	android:name
		ADDED from [com.google.android.gms:play-services-basement:10.0.1] AndroidManifest.xml:20:20-65